[1016/215903.465:ERROR:filesystem_win.cc(129)] GetFileAttributes C:\Users\Rahul\AppData\Local\Google\Chrome\User Data\Crashpad\attachments\012b5e0f-e6da-40bb-9acf-5ecacb293e05: The system cannot find the path specified. (0x3)
[1016/215903.510:ERROR:filesystem_win.cc(129)] GetFileAttributes C:\Users\Rahul\AppData\Local\Google\Chrome\User Data\Crashpad\attachments\013c3011-b681-42b9-a75a-52523b758109: The system cannot find the path specified. (0x3)
[1016/215903.548:ERROR:filesystem_win.cc(129)] GetFileAttributes C:\Users\Rahul\AppData\Local\Google\Chrome\User Data\Crashpad\attachments\01552797-b5aa-4b99-9c71-1d25615053c6: The system cannot find the path specified. (0x3)
[1016/215903.568:ERROR:filesystem_win.cc(129)] GetFileAttributes C:\Users\Rahul\AppData\Local\Google\Chrome\User Data\Crashpad\attachments\026219b0-caca-496f-b91f-32322464421d: The system cannot find the path specified. (0x3)
[1016/215903.591:ERROR:filesystem_win.cc(129)] GetFileAttributes C:\Users\Rahul\AppData\Local\Google\Chrome\User Data\Crashpad\attachments\026c5032-78a5-418e-95c9-da7f6e0ade4c: The system cannot find the path specified. (0x3)
[1016/215903.635:ERROR:filesystem_win.cc(129)] GetFileAttributes C:\Users\Rahul\AppData\Local\Google\Chrome\User Data\Crashpad\attachments\072b7d9a-2e31-4665-8086-5a1e54878982: The system cannot find the path specified. (0x3)
[1016/215903.652:ERROR:filesystem_win.cc(129)] GetFileAttributes C:\Users\Rahul\AppData\Local\Google\Chrome\User Data\Crashpad\attachments\09179a25-e8ad-4c41-8ded-17e908870b8b: The system cannot find the path specified. (0x3)
[1016/215903.657:ERROR:filesystem_win.cc(129)] GetFileAttributes C:\Users\Rahul\AppData\Local\Google\Chrome\User Data\Crashpad\attachments\0cbaf541-035d-4e35-9d57-5de938e6baab: The system cannot find the path specified. (0x3)
[1016/215903.708:ERROR:filesystem_win.cc(129)] GetFileAttributes C:\Users\Rahul\AppData\Local\Google\Chrome\User Data\Crashpad\attachments\0f33f93f-1489-4c91-9e5a-d493b10c7438: The system cannot find the path specified. (0x3)
[1016/215903.717:ERROR:filesystem_win.cc(129)] GetFileAttributes C:\Users\Rahul\AppData\Local\Google\Chrome\User Data\Crashpad\attachments\11d4deb3-9267-454e-841c-7341e4c30d9f: The system cannot find the path specified. (0x3)
[1016/215903.733:ERROR:filesystem_win.cc(129)] GetFileAttributes C:\Users\Rahul\AppData\Local\Google\Chrome\User Data\Crashpad\attachments\14b05112-29b6-4e21-a85d-e7c97c329900: The system cannot find the path specified. (0x3)
[1016/215903.758:ERROR:filesystem_win.cc(129)] GetFileAttributes C:\Users\Rahul\AppData\Local\Google\Chrome\User Data\Crashpad\attachments\15d1b8fc-c691-4970-a211-e41d8b35482f: The system cannot find the path specified. (0x3)
[1016/215903.779:ERROR:filesystem_win.cc(129)] GetFileAttributes C:\Users\Rahul\AppData\Local\Google\Chrome\User Data\Crashpad\attachments\1bdb4b4b-b586-4e69-a56b-4e1f76a2336c: The system cannot find the path specified. (0x3)
[1016/215903.789:ERROR:filesystem_win.cc(129)] GetFileAttributes C:\Users\Rahul\AppData\Local\Google\Chrome\User Data\Crashpad\attachments\1f0a1751-33a0-46b5-9a9a-f9ce0a1bdac8: The system cannot find the path specified. (0x3)
[1016/215903.818:ERROR:filesystem_win.cc(129)] GetFileAttributes C:\Users\Rahul\AppData\Local\Google\Chrome\User Data\Crashpad\attachments\265998e8-1d27-42c3-9b6c-bab231bf5c43: The system cannot find the path specified. (0x3)
[1016/215903.856:ERROR:filesystem_win.cc(129)] GetFileAttributes C:\Users\Rahul\AppData\Local\Google\Chrome\User Data\Crashpad\attachments\26689f9a-bd06-4142-b0ad-4a03de7f2325: The system cannot find the path specified. (0x3)
[1016/215903.878:ERROR:filesystem_win.cc(129)] GetFileAttributes C:\Users\Rahul\AppData\Local\Google\Chrome\User Data\Crashpad\attachments\27a4ade8-519e-4906-80c4-18e2779c0764: The system cannot find the path specified. (0x3)
[1016/215903.918:ERROR:filesystem_win.cc(129)] GetFileAttributes C:\Users\Rahul\AppData\Local\Google\Chrome\User Data\Crashpad\attachments\2ba8613e-e139-435b-b8c9-a1fca84d4e0c: The system cannot find the path specified. (0x3)
[1016/215903.940:ERROR:filesystem_win.cc(129)] GetFileAttributes C:\Users\Rahul\AppData\Local\Google\Chrome\User Data\Crashpad\attachments\382baa8b-685a-4e8e-a1b6-95467f1ab2d9: The system cannot find the path specified. (0x3)
[1016/215903.957:ERROR:filesystem_win.cc(129)] GetFileAttributes C:\Users\Rahul\AppData\Local\Google\Chrome\User Data\Crashpad\attachments\3991df59-02c8-4e85-95f3-57bcc52400ce: The system cannot find the path specified. (0x3)
[1016/215903.988:ERROR:filesystem_win.cc(129)] GetFileAttributes C:\Users\Rahul\AppData\Local\Google\Chrome\User Data\Crashpad\attachments\3ad32335-d985-4ccd-8872-5e7d2d5afd18: The system cannot find the path specified. (0x3)
[1016/215904.011:ERROR:filesystem_win.cc(129)] GetFileAttributes C:\Users\Rahul\AppData\Local\Google\Chrome\User Data\Crashpad\attachments\3dcc5215-04c4-46be-a9d0-e6d1d68adefa: The system cannot find the path specified. (0x3)
[1016/215904.045:ERROR:filesystem_win.cc(129)] GetFileAttributes C:\Users\Rahul\AppData\Local\Google\Chrome\User Data\Crashpad\attachments\43423640-154f-405c-a858-109b7ce71f45: The system cannot find the path specified. (0x3)
[1016/215904.076:ERROR:filesystem_win.cc(129)] GetFileAttributes C:\Users\Rahul\AppData\Local\Google\Chrome\User Data\Crashpad\attachments\478a968e-24e0-4a6b-8506-a726ddcf2b51: The system cannot find the path specified. (0x3)
[1016/215904.089:ERROR:filesystem_win.cc(129)] GetFileAttributes C:\Users\Rahul\AppData\Local\Google\Chrome\User Data\Crashpad\attachments\47bfb6b5-178b-45e2-915d-b7d8858a5a0b: The system cannot find the path specified. (0x3)
[1016/215904.113:ERROR:filesystem_win.cc(129)] GetFileAttributes C:\Users\Rahul\AppData\Local\Google\Chrome\User Data\Crashpad\attachments\4e167cb4-4e82-4d43-9fd3-c36565c7c8d5: The system cannot find the path specified. (0x3)
[1016/215904.130:ERROR:filesystem_win.cc(129)] GetFileAttributes C:\Users\Rahul\AppData\Local\Google\Chrome\User Data\Crashpad\attachments\4f8fa1f9-56b1-4bef-8946-4c947464030b: The system cannot find the path specified. (0x3)
[1016/215904.149:ERROR:filesystem_win.cc(129)] GetFileAttributes C:\Users\Rahul\AppData\Local\Google\Chrome\User Data\Crashpad\attachments\5695b115-7828-4c23-8776-a31e562f0102: The system cannot find the path specified. (0x3)
[1016/215904.180:ERROR:filesystem_win.cc(129)] GetFileAttributes C:\Users\Rahul\AppData\Local\Google\Chrome\User Data\Crashpad\attachments\57386abd-022a-4295-9985-454e077f0e5e: The system cannot find the path specified. (0x3)
[1016/215904.207:ERROR:filesystem_win.cc(129)] GetFileAttributes C:\Users\Rahul\AppData\Local\Google\Chrome\User Data\Crashpad\attachments\591a5030-abcb-42bd-955c-b199a3f6a1ab: The system cannot find the path specified. (0x3)
[1016/215904.242:ERROR:filesystem_win.cc(129)] GetFileAttributes C:\Users\Rahul\AppData\Local\Google\Chrome\User Data\Crashpad\attachments\5a4b61f0-8cd7-4c7c-85f1-5ffb82c94583: The system cannot find the path specified. (0x3)
[1016/215904.265:ERROR:filesystem_win.cc(129)] GetFileAttributes C:\Users\Rahul\AppData\Local\Google\Chrome\User Data\Crashpad\attachments\5ca8b499-2c5b-4262-a408-630033aadfd5: The system cannot find the path specified. (0x3)
[1016/215904.287:ERROR:filesystem_win.cc(129)] GetFileAttributes C:\Users\Rahul\AppData\Local\Google\Chrome\User Data\Crashpad\attachments\694a5135-3fc3-4a17-b7f1-8555964eb430: The system cannot find the path specified. (0x3)
[1016/215904.297:ERROR:filesystem_win.cc(129)] GetFileAttributes C:\Users\Rahul\AppData\Local\Google\Chrome\User Data\Crashpad\attachments\6e467e76-23ea-4f25-b27e-5b1a49318b58: The system cannot find the path specified. (0x3)
[1016/215904.318:ERROR:filesystem_win.cc(129)] GetFileAttributes C:\Users\Rahul\AppData\Local\Google\Chrome\User Data\Crashpad\attachments\6e69da14-c7cb-412d-b24b-266ae8446f35: The system cannot find the path specified. (0x3)
[1016/215904.335:ERROR:filesystem_win.cc(129)] GetFileAttributes C:\Users\Rahul\AppData\Local\Google\Chrome\User Data\Crashpad\attachments\7242c0ee-6aae-4c70-9b3c-aedc569df38f: The system cannot find the path specified. (0x3)
[1016/215904.365:ERROR:filesystem_win.cc(129)] GetFileAttributes C:\Users\Rahul\AppData\Local\Google\Chrome\User Data\Crashpad\attachments\76dc01fc-f7bb-4fc8-82bb-8ca80a145c2b: The system cannot find the path specified. (0x3)
[1016/215904.449:ERROR:filesystem_win.cc(129)] GetFileAttributes C:\Users\Rahul\AppData\Local\Google\Chrome\User Data\Crashpad\attachments\7a7f4630-1fa4-4318-888b-e96d44e0efaa: The system cannot find the path specified. (0x3)
[1016/215904.482:ERROR:filesystem_win.cc(129)] GetFileAttributes C:\Users\Rahul\AppData\Local\Google\Chrome\User Data\Crashpad\attachments\7d40614b-f1cb-4aa8-b12b-6a8dacc05eae: The system cannot find the path specified. (0x3)
[1016/215904.499:ERROR:filesystem_win.cc(129)] GetFileAttributes C:\Users\Rahul\AppData\Local\Google\Chrome\User Data\Crashpad\attachments\7f4fd0c1-d943-4ea1-a20f-272918b95e2a: The system cannot find the path specified. (0x3)
[1016/215904.515:ERROR:filesystem_win.cc(129)] GetFileAttributes C:\Users\Rahul\AppData\Local\Google\Chrome\User Data\Crashpad\attachments\81e6dfff-5108-4141-bfbf-ea60aab7adf6: The system cannot find the path specified. (0x3)
[1016/215904.537:ERROR:filesystem_win.cc(129)] GetFileAttributes C:\Users\Rahul\AppData\Local\Google\Chrome\User Data\Crashpad\attachments\84ca5770-ea2b-4d60-9987-1757e5c0ead1: The system cannot find the path specified. (0x3)
[1016/215904.578:ERROR:filesystem_win.cc(129)] GetFileAttributes C:\Users\Rahul\AppData\Local\Google\Chrome\User Data\Crashpad\attachments\887e47c9-bd1a-4c84-bb49-430197366fb8: The system cannot find the path specified. (0x3)
[1016/215904.605:ERROR:filesystem_win.cc(129)] GetFileAttributes C:\Users\Rahul\AppData\Local\Google\Chrome\User Data\Crashpad\attachments\8be81ca9-e963-4aef-854d-15adf0041345: The system cannot find the path specified. (0x3)
[1016/215904.624:ERROR:filesystem_win.cc(129)] GetFileAttributes C:\Users\Rahul\AppData\Local\Google\Chrome\User Data\Crashpad\attachments\8bf92d63-27a1-49d3-ab8a-58272ffd8145: The system cannot find the path specified. (0x3)
[1016/215904.646:ERROR:filesystem_win.cc(129)] GetFileAttributes C:\Users\Rahul\AppData\Local\Google\Chrome\User Data\Crashpad\attachments\8c5cd871-f276-4e7c-a08b-cb19928dc783: The system cannot find the path specified. (0x3)
[1016/215904.666:ERROR:filesystem_win.cc(129)] GetFileAttributes C:\Users\Rahul\AppData\Local\Google\Chrome\User Data\Crashpad\attachments\8cd83573-6e9f-46f0-b370-168a71e0e192: The system cannot find the path specified. (0x3)
[1016/215904.692:ERROR:filesystem_win.cc(129)] GetFileAttributes C:\Users\Rahul\AppData\Local\Google\Chrome\User Data\Crashpad\attachments\8edda1c7-66ed-4393-be5b-5027c932334b: The system cannot find the path specified. (0x3)
[1016/215904.722:ERROR:filesystem_win.cc(129)] GetFileAttributes C:\Users\Rahul\AppData\Local\Google\Chrome\User Data\Crashpad\attachments\91776bc2-c49f-4db4-87f8-93b17fbf8e1a: The system cannot find the path specified. (0x3)
[1016/215904.736:ERROR:filesystem_win.cc(129)] GetFileAttributes C:\Users\Rahul\AppData\Local\Google\Chrome\User Data\Crashpad\attachments\91ad3d04-80e6-4c86-ab9d-52c24e69fb58: The system cannot find the path specified. (0x3)
[1016/215904.778:ERROR:filesystem_win.cc(129)] GetFileAttributes C:\Users\Rahul\AppData\Local\Google\Chrome\User Data\Crashpad\attachments\93a5308d-5e94-47a6-9cbe-e1f96eec5d61: The system cannot find the path specified. (0x3)
[1016/215904.799:ERROR:filesystem_win.cc(129)] GetFileAttributes C:\Users\Rahul\AppData\Local\Google\Chrome\User Data\Crashpad\attachments\94f1c03e-98ce-4ab1-b40e-400701b968a1: The system cannot find the path specified. (0x3)
[1016/215904.807:ERROR:filesystem_win.cc(129)] GetFileAttributes C:\Users\Rahul\AppData\Local\Google\Chrome\User Data\Crashpad\attachments\95951346-edaf-42b9-b663-3f2008f28521: The system cannot find the path specified. (0x3)
[1016/215904.830:ERROR:filesystem_win.cc(129)] GetFileAttributes C:\Users\Rahul\AppData\Local\Google\Chrome\User Data\Crashpad\attachments\9b23c671-9293-4fff-88cb-13471c5ead32: The system cannot find the path specified. (0x3)
[1016/215904.845:ERROR:filesystem_win.cc(129)] GetFileAttributes C:\Users\Rahul\AppData\Local\Google\Chrome\User Data\Crashpad\attachments\9d083192-9c8c-43dc-986d-0adc12fb75e6: The system cannot find the path specified. (0x3)
[1016/215904.852:ERROR:filesystem_win.cc(129)] GetFileAttributes C:\Users\Rahul\AppData\Local\Google\Chrome\User Data\Crashpad\attachments\9d2ed87e-f620-41ec-b45a-1cfc0724d993: The system cannot find the path specified. (0x3)
[1016/215904.870:ERROR:filesystem_win.cc(129)] GetFileAttributes C:\Users\Rahul\AppData\Local\Google\Chrome\User Data\Crashpad\attachments\9f3f5b83-5556-4162-97d8-cad47456a52b: The system cannot find the path specified. (0x3)
[1016/215904.897:ERROR:filesystem_win.cc(129)] GetFileAttributes C:\Users\Rahul\AppData\Local\Google\Chrome\User Data\Crashpad\attachments\a1d5b92b-abaf-46d9-9d0b-f377a734d86a: The system cannot find the path specified. (0x3)
[1016/215904.929:ERROR:filesystem_win.cc(129)] GetFileAttributes C:\Users\Rahul\AppData\Local\Google\Chrome\User Data\Crashpad\attachments\a2892299-d2ab-47dd-8e95-eca69d375b04: The system cannot find the path specified. (0x3)
[1016/215904.943:ERROR:filesystem_win.cc(129)] GetFileAttributes C:\Users\Rahul\AppData\Local\Google\Chrome\User Data\Crashpad\attachments\a320c528-2213-425b-9399-8eb4f3e914cc: The system cannot find the path specified. (0x3)
[1016/215904.973:ERROR:filesystem_win.cc(129)] GetFileAttributes C:\Users\Rahul\AppData\Local\Google\Chrome\User Data\Crashpad\attachments\a3ec2f70-48c2-4357-8b6d-4fc1f00f46d1: The system cannot find the path specified. (0x3)
[1016/215905.029:ERROR:filesystem_win.cc(129)] GetFileAttributes C:\Users\Rahul\AppData\Local\Google\Chrome\User Data\Crashpad\attachments\a51dda01-d5cb-4fa0-93c8-c477fbc90b6a: The system cannot find the path specified. (0x3)
[1016/215905.051:ERROR:filesystem_win.cc(129)] GetFileAttributes C:\Users\Rahul\AppData\Local\Google\Chrome\User Data\Crashpad\attachments\a67f4e9e-c2ac-403a-9784-bdd41c98714d: The system cannot find the path specified. (0x3)
[1016/215905.066:ERROR:filesystem_win.cc(129)] GetFileAttributes C:\Users\Rahul\AppData\Local\Google\Chrome\User Data\Crashpad\attachments\a7bd2b09-a32a-448b-b5f7-09a377ad3148: The system cannot find the path specified. (0x3)
[1016/215905.117:ERROR:filesystem_win.cc(129)] GetFileAttributes C:\Users\Rahul\AppData\Local\Google\Chrome\User Data\Crashpad\attachments\aa12cec4-5cee-42c5-8baf-f7f26b696c36: The system cannot find the path specified. (0x3)
[1016/215905.155:ERROR:filesystem_win.cc(129)] GetFileAttributes C:\Users\Rahul\AppData\Local\Google\Chrome\User Data\Crashpad\attachments\b60ca9bc-8c04-4876-890b-d72123a9978b: The system cannot find the path specified. (0x3)
[1016/215905.192:ERROR:filesystem_win.cc(129)] GetFileAttributes C:\Users\Rahul\AppData\Local\Google\Chrome\User Data\Crashpad\attachments\bc303fea-968d-48f2-bd1a-399938551ca9: The system cannot find the path specified. (0x3)
[1016/215905.229:ERROR:filesystem_win.cc(129)] GetFileAttributes C:\Users\Rahul\AppData\Local\Google\Chrome\User Data\Crashpad\attachments\c123d78a-acfb-4717-a3b0-cff4c795ab7b: The system cannot find the path specified. (0x3)
[1016/215905.251:ERROR:filesystem_win.cc(129)] GetFileAttributes C:\Users\Rahul\AppData\Local\Google\Chrome\User Data\Crashpad\attachments\c1419216-b6b6-4baa-b294-baef7f4ef755: The system cannot find the path specified. (0x3)
[1016/215905.271:ERROR:filesystem_win.cc(129)] GetFileAttributes C:\Users\Rahul\AppData\Local\Google\Chrome\User Data\Crashpad\attachments\c3df6f1d-484f-4bfe-b6c6-7bf729f06f92: The system cannot find the path specified. (0x3)
[1016/215905.313:ERROR:filesystem_win.cc(129)] GetFileAttributes C:\Users\Rahul\AppData\Local\Google\Chrome\User Data\Crashpad\attachments\c4bc61a0-b0d3-43e4-b409-af2f8bf117c7: The system cannot find the path specified. (0x3)
[1016/215905.328:ERROR:filesystem_win.cc(129)] GetFileAttributes C:\Users\Rahul\AppData\Local\Google\Chrome\User Data\Crashpad\attachments\c72087f7-01ed-420c-b8ee-dc453b940d9c: The system cannot find the path specified. (0x3)
[1016/215905.358:ERROR:filesystem_win.cc(129)] GetFileAttributes C:\Users\Rahul\AppData\Local\Google\Chrome\User Data\Crashpad\attachments\c92f29d2-af42-4785-ac91-10b8d88edbd0: The system cannot find the path specified. (0x3)
[1016/215905.402:ERROR:filesystem_win.cc(129)] GetFileAttributes C:\Users\Rahul\AppData\Local\Google\Chrome\User Data\Crashpad\attachments\ca858df2-3571-4561-8266-541d46fbfa8c: The system cannot find the path specified. (0x3)
[1016/215905.414:ERROR:filesystem_win.cc(129)] GetFileAttributes C:\Users\Rahul\AppData\Local\Google\Chrome\User Data\Crashpad\attachments\ce1cfa87-cd78-4072-8b78-eaeb0d82e6ee: The system cannot find the path specified. (0x3)
[1016/215905.428:ERROR:filesystem_win.cc(129)] GetFileAttributes C:\Users\Rahul\AppData\Local\Google\Chrome\User Data\Crashpad\attachments\ceb5364d-38f3-4579-8e48-22f04efa3f27: The system cannot find the path specified. (0x3)
[1016/215905.453:ERROR:filesystem_win.cc(129)] GetFileAttributes C:\Users\Rahul\AppData\Local\Google\Chrome\User Data\Crashpad\attachments\cf1d404f-4e46-4fbc-a00a-6cd88ee27206: The system cannot find the path specified. (0x3)
[1016/215905.462:ERROR:filesystem_win.cc(129)] GetFileAttributes C:\Users\Rahul\AppData\Local\Google\Chrome\User Data\Crashpad\attachments\d2dfbf7a-1932-481e-9c75-a599ec7f5321: The system cannot find the path specified. (0x3)
[1016/215905.479:ERROR:filesystem_win.cc(129)] GetFileAttributes C:\Users\Rahul\AppData\Local\Google\Chrome\User Data\Crashpad\attachments\d658635b-7b4c-45ae-9b00-9ab3700e6aae: The system cannot find the path specified. (0x3)
[1016/215905.490:ERROR:filesystem_win.cc(129)] GetFileAttributes C:\Users\Rahul\AppData\Local\Google\Chrome\User Data\Crashpad\attachments\dc26d68d-7b37-41e1-bda8-68670a603c79: The system cannot find the path specified. (0x3)
[1016/215905.519:ERROR:filesystem_win.cc(129)] GetFileAttributes C:\Users\Rahul\AppData\Local\Google\Chrome\User Data\Crashpad\attachments\e102ede9-27ff-4fa1-898b-4496c3ce98b8: The system cannot find the path specified. (0x3)
[1016/215905.557:ERROR:filesystem_win.cc(129)] GetFileAttributes C:\Users\Rahul\AppData\Local\Google\Chrome\User Data\Crashpad\attachments\e11d4c88-05a6-40fc-a2f3-3052e3ac665d: The system cannot find the path specified. (0x3)
[1016/215905.595:ERROR:filesystem_win.cc(129)] GetFileAttributes C:\Users\Rahul\AppData\Local\Google\Chrome\User Data\Crashpad\attachments\e2d23890-89f9-4dbf-9bb1-89f850eb6d8c: The system cannot find the path specified. (0x3)
[1016/215905.625:ERROR:filesystem_win.cc(129)] GetFileAttributes C:\Users\Rahul\AppData\Local\Google\Chrome\User Data\Crashpad\attachments\e398f36c-a995-432e-9d68-a7fe6b9eb416: The system cannot find the path specified. (0x3)
[1016/215905.635:ERROR:filesystem_win.cc(129)] GetFileAttributes C:\Users\Rahul\AppData\Local\Google\Chrome\User Data\Crashpad\attachments\e9aadfec-f385-4d99-9626-3c35d2b9deea: The system cannot find the path specified. (0x3)
[1016/215905.649:ERROR:filesystem_win.cc(129)] GetFileAttributes C:\Users\Rahul\AppData\Local\Google\Chrome\User Data\Crashpad\attachments\eaca5845-6261-4f9d-ab5f-645ecad67594: The system cannot find the path specified. (0x3)
[1016/215905.675:ERROR:filesystem_win.cc(129)] GetFileAttributes C:\Users\Rahul\AppData\Local\Google\Chrome\User Data\Crashpad\attachments\ef5b8938-3ae0-4e68-a3b1-b4031e4ca5d2: The system cannot find the path specified. (0x3)
[1016/215905.680:ERROR:filesystem_win.cc(129)] GetFileAttributes C:\Users\Rahul\AppData\Local\Google\Chrome\User Data\Crashpad\attachments\ef72eb73-7319-4b75-9405-86d518b665aa: The system cannot find the path specified. (0x3)
[1016/215905.699:ERROR:filesystem_win.cc(129)] GetFileAttributes C:\Users\Rahul\AppData\Local\Google\Chrome\User Data\Crashpad\attachments\effc46f0-f6f1-4356-9125-4d51feee4a2a: The system cannot find the path specified. (0x3)
[1016/215905.724:ERROR:filesystem_win.cc(129)] GetFileAttributes C:\Users\Rahul\AppData\Local\Google\Chrome\User Data\Crashpad\attachments\f0b95472-df14-4ecc-bfb3-131f966f840c: The system cannot find the path specified. (0x3)
[1016/215905.740:ERROR:filesystem_win.cc(129)] GetFileAttributes C:\Users\Rahul\AppData\Local\Google\Chrome\User Data\Crashpad\attachments\f5989a99-ddfe-4755-92f3-1a663d5ab343: The system cannot find the path specified. (0x3)
[1016/215905.793:ERROR:directory_reader_win.cc(43)] FindFirstFile: The system cannot find the path specified. (0x3)
[1017/213138.111:ERROR:directory_reader_win.cc(43)] FindFirstFile: The system cannot find the path specified. (0x3)
[1018/112744.209:ERROR:directory_reader_win.cc(43)] FindFirstFile: The system cannot find the path specified. (0x3)
[1018/222737.520:ERROR:directory_reader_win.cc(43)] FindFirstFile: The system cannot find the path specified. (0x3)
